AlivcLittleVideo/build/outputs/logs/manifest-merger-debug-report.txt
-- Merging decision tree log ---
manifest
ADDED from src\main\AndroidManifest.xml:2:1-44:12
INJECTED from src\main\AndroidManifest.xml:2:1-44:12
INJECTED from src\main\AndroidManifest.xml:2:1-44:12
INJECTED from src\main\AndroidManifest.xml:2:1-44:12
INJECTED from src\main\AndroidManifest.xml:2:1-44:12
INJECTED from src\main\AndroidManifest.xml:2:1-44:12
INJECTED from src\main\AndroidManifest.xml:2:1-44:12
	package
		ADDED from src\main\AndroidManifest.xml:3:5-49
		INJECTED from src\main\AndroidManifest.xml
		INJECTED from src\main\AndroidManifest.xml
	android:versionName
		INJECTED from src\main\AndroidManifest.xml
		ADDED from src\main\AndroidManifest.xml:2:1-44:12
		INJECTED from src\main\AndroidManifest.xml
	android:versionCode
		INJECTED from src\main\AndroidManifest.xml
		ADDED from src\main\AndroidManifest.xml:2:1-44:12
		INJECTED from src\main\AndroidManifest.xml
	xmlns:android
		ADDED from src\main\AndroidManifest.xml:2:11-69
uses-permission#android.permission.ACCESS_NETWORK_STATE
ADDED from src\main\AndroidManifest.xml:5:5-79
	android:name
		ADDED from src\main\AndroidManifest.xml:5:22-76
uses-permission#android.permission.ACCESS_WIFI_STATE
ADDED from src\main\AndroidManifest.xml:6:5-76
	android:name
		ADDED from src\main\AndroidManifest.xml:6:22-73
uses-permission#android.permission.INTERNET
ADDED from src\main\AndroidManifest.xml:7:5-67
	android:name
		ADDED from src\main\AndroidManifest.xml:7:22-64
uses-permission#android.permission.WRITE_EXTERNAL_STORAGE
ADDED from src\main\AndroidManifest.xml:8:5-81
	android:name
		ADDED from src\main\AndroidManifest.xml:8:22-78
uses-permission#android.permission.WAKE_LOCK
ADDED from src\main\AndroidManifest.xml:9:5-68
	android:name
		ADDED from src\main\AndroidManifest.xml:9:22-65
uses-permission#android.permission.READ_PHONE_STATE
ADDED from src\main\AndroidManifest.xml:10:5-75
	android:name
		ADDED from src\main\AndroidManifest.xml:10:22-72
uses-permission#android.permission.WRITE_SETTINGS
ADDED from src\main\AndroidManifest.xml:11:5-73
	android:name
		ADDED from src\main\AndroidManifest.xml:11:22-70
uses-permission#android.permission.READ_EXTERNAL_STORAGE
ADDED from src\main\AndroidManifest.xml:12:5-80
	android:name
		ADDED from src\main\AndroidManifest.xml:12:22-77
application
ADDED from src\main\AndroidManifest.xml:14:5-42:19
	android:supportsRtl
		ADDED from src\main\AndroidManifest.xml:16:9-35
	android:allowBackup
		ADDED from src\main\AndroidManifest.xml:15:9-35
activity#com.aliyun.apsara.alivclittlevideo.activity.VideoListActivity
ADDED from src\main\AndroidManifest.xml:17:9-23:15
	android:screenOrientation
		ADDED from src\main\AndroidManifest.xml:20:13-49
	android:launchMode
		ADDED from src\main\AndroidManifest.xml:19:13-44
	android:windowSoftInputMode
		ADDED from src\main\AndroidManifest.xml:22:13-52
	android:theme
		ADDED from src\main\AndroidManifest.xml:21:13-63
	android:name
		ADDED from src\main\AndroidManifest.xml:18:13-55
activity#com.aliyun.apsara.alivclittlevideo.activity.PublishActivity
ADDED from src\main\AndroidManifest.xml:24:9-28:15
	android:screenOrientation
		ADDED from src\main\AndroidManifest.xml:25:13-49
	android:launchMode
		ADDED from src\main\AndroidManifest.xml:26:13-43
	android:theme
		ADDED from src\main\AndroidManifest.xml:27:19-69
	android:name
		ADDED from src\main\AndroidManifest.xml:24:19-59
activity#com.aliyun.apsara.alivclittlevideo.activity.AlivcLittleSettingActivity
ADDED from src\main\AndroidManifest.xml:29:9-31:51
	android:screenOrientation
		ADDED from src\main\AndroidManifest.xml:31:13-49
	android:theme
		ADDED from src\main\AndroidManifest.xml:30:19-69
	android:name
		ADDED from src\main\AndroidManifest.xml:29:19-70
activity#com.aliyun.apsara.alivclittlevideo.activity.AlivcLittleUserSettingActivity
ADDED from src\main\AndroidManifest.xml:32:9-33:51
	android:screenOrientation
		ADDED from src\main\AndroidManifest.xml:33:13-49
	android:name
		ADDED from src\main\AndroidManifest.xml:32:19-74
activity#com.aliyun.apsara.alivclittlevideo.activity.AlivcLittleUserChangeActivity
ADDED from src\main\AndroidManifest.xml:34:9-35:51
	android:screenOrientation
		ADDED from src\main\AndroidManifest.xml:35:13-49
	android:name
		ADDED from src\main\AndroidManifest.xml:34:19-73
activity#com.aliyun.apsara.alivclittlevideo.activity.AlivcLittlePlayerActivity
ADDED from src\main\AndroidManifest.xml:36:9-39:25
	android:screenOrientation
		ADDED from src\main\AndroidManifest.xml:37:13-49
	android:windowSoftInputMode
		ADDED from src\main\AndroidManifest.xml:38:19-58
	android:name
		ADDED from src\main\AndroidManifest.xml:36:19-69
activity#com.aliyun.apsara.alivclittlevideo.activity.AlivcLittlePreviewActivity
ADDED from src\main\AndroidManifest.xml:40:9-41:51
	android:screenOrientation
		ADDED from src\main\AndroidManifest.xml:41:13-49
	android:name
		ADDED from src\main\AndroidManifest.xml:40:19-70
uses-sdk
INJECTED from src\main\AndroidManifest.xml reason: use-sdk injection requested
INJECTED from src\main\AndroidManifest.xml
INJECTED from src\main\AndroidManifest.xml
INJECTED from src\main\AndroidManifest.xml
INJECTED from src\main\AndroidManifest.xml
	android:targetSdkVersion
		INJECTED from src\main\AndroidManifest.xml
		ADDED from src\main\AndroidManifest.xml
		INJECTED from src\main\AndroidManifest.xml
	android:minSdkVersion
		INJECTED from src\main\AndroidManifest.xml
		ADDED from src\main\AndroidManifest.xml
		INJECTED from src\main\AndroidManifest.xml